<?xml version="1.0" encoding="UTF-8"?>
<!-- Generated by org.testng.reporters.JUnitReportReporter -->
<testsuite hostname="LAPTOP-3TPPPFOH" failures="0" tests="1" name="com.SauceDemo.TestClasses.TC03VerifyPdouctSelected" time="9.355" errors="0" timestamp="2022-05-29T14:42:12 IST" skipped="0">
  <testcase classname="com.SauceDemo.TestClasses.TC03VerifyPdouctSelected" name="verifySingleProductSelected" time="9.355"/>
  <system-out/>
</testsuite> <!-- com.SauceDemo.TestClasses.TC03VerifyPdouctSelected -->
