<?xml version="1.0" encoding="UTF-8"?>
<!-- Generated by org.testng.reporters.JUnitReportReporter -->
<testsuite hostname="LAPTOP-3TPPPFOH" failures="0" tests="1" name="com.SauceDemo.TestClasses.TC06LogoutFunctionality" time="5.624" errors="0" timestamp="2022-05-29T14:42:12 IST" skipped="0">
  <testcase classname="com.SauceDemo.TestClasses.TC06LogoutFunctionality" name="logoutfunctinality" time="5.624"/>
  <system-out/>
</testsuite> <!-- com.SauceDemo.TestClasses.TC06LogoutFunctionality -->
