<?xml version="1.0" encoding="UTF-8"?>
<!-- Generated by org.testng.reporters.JUnitReportReporter -->
<testsuite hostname="LAPTOP-3TPPPFOH" failures="0" tests="1" name="com.SauceDemo.TestClasses.TC04VerifyMultipleProductAddedToCart" time="7.237" errors="0" timestamp="2022-05-31T14:51:47 IST" skipped="0">
  <testcase classname="com.SauceDemo.TestClasses.TC04VerifyMultipleProductAddedToCart" name="verifyMultiProductAddToCart" time="7.237"/>
  <system-out/>
</testsuite> <!-- com.SauceDemo.TestClasses.TC04VerifyMultipleProductAddedToCart -->
